MyndVRCapstone/Library/Bee/Android/Prj/IL2CPP/Gradle/unityLibrary/build/intermediates/manifest_merge_blame_file/release/manifest-merger-blame-release-report.txt
1<?xml version="1.0" encoding="utf-8"?>
2<manifest xmlns:android="http://schemas.android.com/apk/res/android"
3    xmlns:tools="http://schemas.android.com/tools"
4    package="com.unity3d.player" >
5
6    <uses-sdk
7        android:minSdkVersion="25"
7-->src\main\AndroidManifest.xml
8        android:targetSdkVersion="31" />
8-->src\main\AndroidManifest.xml
9
10    <uses-permission android:name="android.permission.INTERNET" />
10-->src\main\AndroidManifest.xml:3:3-65
10-->src\main\AndroidManifest.xml:3:20-62
11
12    <uses-feature android:glEsVersion="0x00030002" />
12-->src\main\AndroidManifest.xml:4:3-52
12-->src\main\AndroidManifest.xml:4:17-49
13    <uses-feature
13-->src\main\AndroidManifest.xml:5:3-88
14        android:name="android.hardware.touchscreen"
14-->src\main\AndroidManifest.xml:5:17-60
15        android:required="false" />
15-->src\main\AndroidManifest.xml:5:61-85
16    <uses-feature
16-->src\main\AndroidManifest.xml:6:3-99
17        android:name="android.hardware.touchscreen.multitouch"
17-->src\main\AndroidManifest.xml:6:17-71
18        android:required="false" />
18-->src\main\AndroidManifest.xml:6:72-96
19    <uses-feature
19-->src\main\AndroidManifest.xml:7:3-108
20        android:name="android.hardware.touchscreen.multitouch.distinct"
20-->src\main\AndroidManifest.xml:7:17-80
21        android:required="false" />
21-->src\main\AndroidManifest.xml:7:81-105
22
23    <uses-permission android:name="org.khronos.openxr.permission.OPENXR" />
23-->src\main\AndroidManifest.xml:38:3-74
23-->src\main\AndroidManifest.xml:38:20-71
24    <uses-permission android:name="org.khronos.openxr.permission.OPENXR_SYSTEM" />
24-->src\main\AndroidManifest.xml:39:3-81
24-->src\main\AndroidManifest.xml:39:20-78
25    <uses-permission android:name="org.khronos.openxr.permission.OPENXR" />
25-->src\main\AndroidManifest.xml:38:3-74
25-->src\main\AndroidManifest.xml:38:20-71
26    <uses-permission android:name="org.khronos.openxr.permission.OPENXR_SYSTEM" />
26-->src\main\AndroidManifest.xml:39:3-81
26-->src\main\AndroidManifest.xml:39:20-78
27    <uses-permission android:name="org.khronos.openxr.permission.OPENXR" />
27-->src\main\AndroidManifest.xml:38:3-74
27-->src\main\AndroidManifest.xml:38:20-71
28    <uses-permission android:name="org.khronos.openxr.permission.OPENXR_SYSTEM" />
28-->src\main\AndroidManifest.xml:39:3-81
28-->src\main\AndroidManifest.xml:39:20-78
29    <uses-permission android:name="org.khronos.openxr.permission.OPENXR" />
29-->src\main\AndroidManifest.xml:38:3-74
29-->src\main\AndroidManifest.xml:38:20-71
30    <uses-permission android:name="org.khronos.openxr.permission.OPENXR_SYSTEM" />
30-->src\main\AndroidManifest.xml:39:3-81
30-->src\main\AndroidManifest.xml:39:20-78
31
32    <application
32-->src\main\AndroidManifest.xml:8:3-37:17
33        android:extractNativeLibs="true"
33-->src\main\AndroidManifest.xml:8:153-185
34        android:icon="@mipmap/app_icon"
34-->src\main\AndroidManifest.xml:8:16-47
35        android:label="@string/app_name"
35-->src\main\AndroidManifest.xml:8:48-80
36        android:theme="@style/Theme.WaveVR.Black"
36-->src\main\AndroidManifest.xml:8:81-122
37        tools:replace="android:theme" >
37-->src\main\AndroidManifest.xml:8:123-152
38        <meta-data
38-->src\main\AndroidManifest.xml:9:5-69
39            android:name="unity.splash-mode"
39-->src\main\AndroidManifest.xml:9:16-48
40            android:value="0" />
40-->src\main\AndroidManifest.xml:9:49-66
41        <meta-data
41-->src\main\AndroidManifest.xml:10:5-74
42            android:name="unity.splash-enable"
42-->src\main\AndroidManifest.xml:10:16-50
43            android:value="True" />
43-->src\main\AndroidManifest.xml:10:51-71
44        <meta-data
44-->src\main\AndroidManifest.xml:11:5-78
45            android:name="unity.launch-fullscreen"
45-->src\main\AndroidManifest.xml:11:16-54
46            android:value="True" />
46-->src\main\AndroidManifest.xml:11:55-75
47        <meta-data
47-->src\main\AndroidManifest.xml:12:5-84
48            android:name="unity.allow-resizable-window"
48-->src\main\AndroidManifest.xml:12:16-59
49            android:value="False" />
49-->src\main\AndroidManifest.xml:12:60-81
50        <meta-data
50-->src\main\AndroidManifest.xml:13:5-81
51            android:name="notch.config"
51-->src\main\AndroidManifest.xml:13:16-43
52            android:value="portrait|landscape" />
52-->src\main\AndroidManifest.xml:13:44-78
53        <meta-data
53-->src\main\AndroidManifest.xml:14:5-84
54            android:name="unity.auto-report-fully-drawn"
54-->src\main\AndroidManifest.xml:14:16-60
55            android:value="true" />
55-->src\main\AndroidManifest.xml:14:61-81
56
57        <activity
57-->src\main\AndroidManifest.xml:15:5-28:16
58            android:name="com.htc.vr.unity.WVRUnityVRActivity"
58-->src\main\AndroidManifest.xml:15:15-65
59            android:configChanges="mcc|mnc|locale|touchscreen|keyboard|keyboardHidden|navigation|orientation|screenLayout|uiMode|screenSize|smallestScreenSize|fontScale|layoutDirection|density"
59-->src\main\AndroidManifest.xml:15:99-280
60            android:enableVrMode="@string/wvr_vr_mode_component"
60-->src\main\AndroidManifest.xml:15:281-333
61            android:exported="true"
61-->src\main\AndroidManifest.xml:15:475-498
62            android:hardwareAccelerated="false"
62-->src\main\AndroidManifest.xml:15:439-474
63            android:label="@string/app_name"
63-->src\main\AndroidManifest.xml:15:66-98
64            android:launchMode="singleTask"
64-->src\main\AndroidManifest.xml:15:372-403
65            android:resizeableActivity="false"
65-->src\main\AndroidManifest.xml:15:404-438
66            android:screenOrientation="landscape" >
66-->src\main\AndroidManifest.xml:15:334-371
67            <intent-filter>
67-->src\main\AndroidManifest.xml:16:7-24:23
68                <category android:name="android.intent.category.LAUNCHER" />
68-->src\main\AndroidManifest.xml:17:9-69
68-->src\main\AndroidManifest.xml:17:19-66
69                <category android:name="com.htc.intent.category.VRAPP" />
69-->src\main\AndroidManifest.xml:18:9-66
69-->src\main\AndroidManifest.xml:18:19-63
70
71                <action android:name="android.intent.action.MAIN" />
71-->src\main\AndroidManifest.xml:19:9-61
71-->src\main\AndroidManifest.xml:19:17-58
72
73                <category android:name="org.khronos.openxr.intent.category.IMMERSIVE_HMD" />
73-->src\main\AndroidManifest.xml:20:9-85
73-->src\main\AndroidManifest.xml:20:19-82
74                <category android:name="org.khronos.openxr.intent.category.IMMERSIVE_HMD" />
74-->src\main\AndroidManifest.xml:20:9-85
74-->src\main\AndroidManifest.xml:20:19-82
75                <category android:name="org.khronos.openxr.intent.category.IMMERSIVE_HMD" />
75-->src\main\AndroidManifest.xml:20:9-85
75-->src\main\AndroidManifest.xml:20:19-82
76                <category android:name="org.khronos.openxr.intent.category.IMMERSIVE_HMD" />
76-->src\main\AndroidManifest.xml:20:9-85
76-->src\main\AndroidManifest.xml:20:19-82
77            </intent-filter>
78
79            <meta-data
79-->src\main\AndroidManifest.xml:25:7-82
80                android:name="unityplayer.UnityActivity"
80-->src\main\AndroidManifest.xml:25:18-58
81                android:value="true" />
81-->src\main\AndroidManifest.xml:25:59-79
82            <meta-data
82-->src\main\AndroidManifest.xml:26:7-90
83                android:name="unityplayer.SkipPermissionsDialog"
83-->src\main\AndroidManifest.xml:26:18-66
84                android:value="true" />
84-->src\main\AndroidManifest.xml:26:67-87
85            <meta-data
85-->src\main\AndroidManifest.xml:27:7-70
86                android:name="notch_support"
86-->src\main\AndroidManifest.xml:27:18-46
87                android:value="true" />
87-->src\main\AndroidManifest.xml:27:47-67
88        </activity>
89
90        <meta-data
90-->src\main\AndroidManifest.xml:29:5-94
91            android:name="com.htc.ViveWaveAndroid.SdkVersion"
91-->src\main\AndroidManifest.xml:29:16-65
92            android:value="5.3.1-r.2" />
92-->src\main\AndroidManifest.xml:29:66-91
93        <meta-data
93-->src\main\AndroidManifest.xml:30:5-92
94            android:name="com.htc.vr.content.UnityVersion"
94-->src\main\AndroidManifest.xml:30:16-62
95            android:value="2022.3.0f1" />
95-->src\main\AndroidManifest.xml:30:63-89
96        <meta-data
96-->src\main\AndroidManifest.xml:29:5-94
97            android:name="com.htc.ViveWaveAndroid.SdkVersion"
97-->src\main\AndroidManifest.xml:29:16-65
98            android:value="5.3.1-r.2" />
98-->src\main\AndroidManifest.xml:29:66-91
99        <meta-data
99-->src\main\AndroidManifest.xml:30:5-92
100            android:name="com.htc.vr.content.UnityVersion"
100-->src\main\AndroidManifest.xml:30:16-62
101            android:value="2022.3.0f1" />
101-->src\main\AndroidManifest.xml:30:63-89
102        <meta-data
102-->src\main\AndroidManifest.xml:29:5-94
103            android:name="com.htc.ViveWaveAndroid.SdkVersion"
103-->src\main\AndroidManifest.xml:29:16-65
104            android:value="5.3.1-r.2" />
104-->src\main\AndroidManifest.xml:29:66-91
105        <meta-data
105-->src\main\AndroidManifest.xml:30:5-92
106            android:name="com.htc.vr.content.UnityVersion"
106-->src\main\AndroidManifest.xml:30:16-62
107            android:value="2022.3.0f1" />
107-->src\main\AndroidManifest.xml:30:63-89
108        <meta-data
108-->src\main\AndroidManifest.xml:29:5-94
109            android:name="com.htc.ViveWaveAndroid.SdkVersion"
109-->src\main\AndroidManifest.xml:29:16-65
110            android:value="5.3.1-r.2" />
110-->src\main\AndroidManifest.xml:29:66-91
111        <meta-data
111-->src\main\AndroidManifest.xml:30:5-92
112            android:name="com.htc.vr.content.UnityVersion"
112-->src\main\AndroidManifest.xml:30:16-62
113            android:value="2022.3.0f1" />
113-->src\main\AndroidManifest.xml:30:63-89
114    </application>
115
116</manifest>